<?xml version="1.0" encoding="UTF-8"?>
<testng-results skipped="0" failed="0" total="2" passed="2">
  <reporter-output>
  </reporter-output>
  <suite name="TestNG" duration-ms="12637" started-at="2016-01-14T11:18:40Z" finished-at="2016-01-14T11:18:53Z">
    <groups>
    </groups>
    <test name="HighPriority Suite" duration-ms="12637" started-at="2016-01-14T11:18:40Z" finished-at="2016-01-14T11:18:53Z">
      <class name="tests.highPriority.CouponsAddTest">
        <test-method status="PASS" signature="Setup()[pri:0, instance:tests.highPriority.CouponsAddTest@6276ae34]" name="Setup" is-config="true" duration-ms="7035" started-at="2016-01-14T13:18:40Z" finished-at="2016-01-14T13:18:47Z">
          <reporter-output>
          </reporter-output>
        </test-method> <!-- Setup -->
        <test-method status="PASS" signature="addCoupon()[pri:0, instance:tests.highPriority.CouponsAddTest@6276ae34]" name="addCoupon" duration-ms="3578" started-at="2016-01-14T13:18:47Z" finished-at="2016-01-14T13:18:51Z">
          <reporter-output>
          </reporter-output>
        </test-method> <!-- addCoupon -->
        <test-method status="PASS" signature="takeScreenShotOfPageOnFailure(org.testng.ITestResult)[pri:0, instance:tests.highPriority.CouponsAddTest@6276ae34]" name="takeScreenShotOfPageOnFailure" is-config="true" duration-ms="4" started-at="2016-01-14T13:18:51Z" finished-at="2016-01-14T13:18:51Z">
          <params>
            <param index="0">
              <value>
                <![CDATA[[TestResult name=addCoupon status=SUCCESS method=CouponsAddTest.addCoupon()[pri:0, instance:tests.highPriority.CouponsAddTest@6276ae34] output={null}]]]>
              </value>
            </param>
          </params>
          <reporter-output>
          </reporter-output>
        </test-method> <!-- takeScreenShotOfPageOnFailure -->
        <test-method status="PASS" signature="checkAndDeleteCouponInDB()[pri:0, instance:tests.highPriority.CouponsAddTest@6276ae34]" name="checkAndDeleteCouponInDB" duration-ms="811" started-at="2016-01-14T13:18:51Z" depends-on-methods="tests.highPriority.CouponsAddTest.addCoupon" finished-at="2016-01-14T13:18:52Z">
          <reporter-output>
          </reporter-output>
        </test-method> <!-- checkAndDeleteCouponInDB -->
        <test-method status="PASS" signature="takeScreenShotOfPageOnFailure(org.testng.ITestResult)[pri:0, instance:tests.highPriority.CouponsAddTest@6276ae34]" name="takeScreenShotOfPageOnFailure" is-config="true" duration-ms="0" started-at="2016-01-14T13:18:52Z" finished-at="2016-01-14T13:18:52Z">
          <params>
            <param index="0">
              <value>
                <![CDATA[[TestResult name=checkAndDeleteCouponInDB status=SUCCESS method=CouponsAddTest.checkAndDeleteCouponInDB()[pri:0, instance:tests.highPriority.CouponsAddTest@6276ae34] output={null}]]]>
              </value>
            </param>
          </params>
          <reporter-output>
          </reporter-output>
        </test-method> <!-- takeScreenShotOfPageOnFailure -->
        <test-method status="PASS" signature="TearDown()[pri:0, instance:tests.highPriority.CouponsAddTest@6276ae34]" name="TearDown" is-config="true" duration-ms="1199" started-at="2016-01-14T13:18:52Z" finished-at="2016-01-14T13:18:53Z">
          <reporter-output>
          </reporter-output>
        </test-method> <!-- TearDown -->
      </class> <!-- tests.highPriority.CouponsAddTest -->
    </test> <!-- HighPriority Suite -->
  </suite> <!-- TestNG -->
</testng-results>
